Determining if the pthread_create exist failed with the following output:
Change Dir: /home/alice/catkin_ws/build/CMakeFiles/CMakeTmp

Run Build Command:"/usr/bin/make" "cmTC_a9acd/fast"
/usr/bin/make -f CMakeFiles/cmTC_a9acd.dir/build.make CMakeFiles/cmTC_a9acd.dir/build
make[1]: 进入目录“/home/alice/catkin_ws/build/CMakeFiles/CMakeTmp”
Building C object CMakeFiles/cmTC_a9acd.dir/CheckSymbolExists.c.o
/usr/bin/cc    -o CMakeFiles/cmTC_a9acd.dir/CheckSymbolExists.c.o   -c /home/alice/catkin_ws/build/CMakeFiles/CMakeTmp/CheckSymbolExists.c
Linking C executable cmTC_a9acd
/usr/bin/cmake -E cmake_link_script CMakeFiles/cmTC_a9acd.dir/link.txt --verbose=1
/usr/bin/cc      -rdynamic CMakeFiles/cmTC_a9acd.dir/CheckSymbolExists.c.o  -o cmTC_a9acd 
CMakeFiles/cmTC_a9acd.dir/CheckSymbolExists.c.o：在函数‘main’中：
CheckSymbolExists.c:(.text+0x1b)：对‘pthread_create’未定义的引用
collect2: error: ld returned 1 exit status
CMakeFiles/cmTC_a9acd.dir/build.make:97: recipe for target 'cmTC_a9acd' failed
make[1]: *** [cmTC_a9acd] Error 1
make[1]: 离开目录“/home/alice/catkin_ws/build/CMakeFiles/CMakeTmp”
Makefile:126: recipe for target 'cmTC_a9acd/fast' failed
make: *** [cmTC_a9acd/fast] Error 2

File /home/alice/catkin_ws/build/CMakeFiles/CMakeTmp/CheckSymbolExists.c:
/* */
#include <pthread.h>

int main(int argc, char** argv)
{
  (void)argv;
#ifndef pthread_create
  return ((int*)(&pthread_create))[argc];
#else
  (void)argc;
  return 0;
#endif
}

Determining if the function pthread_create exists in the pthreads failed with the following output:
Change Dir: /home/alice/catkin_ws/build/CMakeFiles/CMakeTmp

Run Build Command:"/usr/bin/make" "cmTC_24582/fast"
/usr/bin/make -f CMakeFiles/cmTC_24582.dir/build.make CMakeFiles/cmTC_24582.dir/build
make[1]: 进入目录“/home/alice/catkin_ws/build/CMakeFiles/CMakeTmp”
Building C object CMakeFiles/cmTC_24582.dir/CheckFunctionExists.c.o
/usr/bin/cc   -DCHECK_FUNCTION_EXISTS=pthread_create   -o CMakeFiles/cmTC_24582.dir/CheckFunctionExists.c.o   -c /usr/share/cmake-3.10/Modules/CheckFunctionExists.c
Linking C executable cmTC_24582
/usr/bin/cmake -E cmake_link_script CMakeFiles/cmTC_24582.dir/link.txt --verbose=1
/usr/bin/cc  -DCHECK_FUNCTION_EXISTS=pthread_create    -rdynamic CMakeFiles/cmTC_24582.dir/CheckFunctionExists.c.o  -o cmTC_24582 -lpthreads 
/usr/bin/ld: 找不到 -lpthreads
collect2: error: ld returned 1 exit status
CMakeFiles/cmTC_24582.dir/build.make:97: recipe for target 'cmTC_24582' failed
make[1]: *** [cmTC_24582] Error 1
make[1]: 离开目录“/home/alice/catkin_ws/build/CMakeFiles/CMakeTmp”
Makefile:126: recipe for target 'cmTC_24582/fast' failed
make: *** [cmTC_24582/fast] Error 2


